Performing C SOURCE FILE Test CMAKE_HAVE_LIBC_PTHREAD failed with the following output:
Change Dir: /root/Desktop/GLO-3100/tp1-cryptography/ex2/CMakeFiles/CMakeTmp

Run Build Command(s):/usr/bin/make cmTC_b61d3/fast && /usr/bin/make  -f CMakeFiles/cmTC_b61d3.dir/build.make CMakeFiles/cmTC_b61d3.dir/build
make[1]: Entering directory '/root/Desktop/GLO-3100/tp1-cryptography/ex2/CMakeFiles/CMakeTmp'
Building C object CMakeFiles/cmTC_b61d3.dir/src.c.o
/usr/bin/cc   -DCMAKE_HAVE_LIBC_PTHREAD -o CMakeFiles/cmTC_b61d3.dir/src.c.o -c /root/Desktop/GLO-3100/tp1-cryptography/ex2/CMakeFiles/CMakeTmp/src.c
Linking C executable cmTC_b61d3
/usr/bin/cmake -E cmake_link_script CMakeFiles/cmTC_b61d3.dir/link.txt --verbose=1
/usr/bin/cc  -DCMAKE_HAVE_LIBC_PTHREAD -rdynamic CMakeFiles/cmTC_b61d3.dir/src.c.o -o cmTC_b61d3 
/usr/bin/ld: CMakeFiles/cmTC_b61d3.dir/src.c.o: in function `main':
src.c:(.text+0x2f): undefined reference to `pthread_create'
/usr/bin/ld: src.c:(.text+0x3b): undefined reference to `pthread_detach'
/usr/bin/ld: src.c:(.text+0x47): undefined reference to `pthread_cancel'
/usr/bin/ld: src.c:(.text+0x58): undefined reference to `pthread_join'
collect2: error: ld returned 1 exit status
make[1]: *** [CMakeFiles/cmTC_b61d3.dir/build.make:106: cmTC_b61d3] Error 1
make[1]: Leaving directory '/root/Desktop/GLO-3100/tp1-cryptography/ex2/CMakeFiles/CMakeTmp'
make: *** [Makefile:140: cmTC_b61d3/fast] Error 2


Source file was:
#include <pthread.h>

void* test_func(void* data)
{
  return data;
}

int main(void)
{
  pthread_t thread;
  pthread_create(&thread, NULL, test_func, NULL);
  pthread_detach(thread);
  pthread_cancel(thread);
  pthread_join(thread, NULL);
  pthread_atfork(NULL, NULL, NULL);
  pthread_exit(NULL);

  return 0;
}

Determining if the function pthread_create exists in the pthreads failed with the following output:
Change Dir: /root/Desktop/GLO-3100/tp1-cryptography/ex2/CMakeFiles/CMakeTmp

Run Build Command(s):/usr/bin/make cmTC_270fc/fast && /usr/bin/make  -f CMakeFiles/cmTC_270fc.dir/build.make CMakeFiles/cmTC_270fc.dir/build
make[1]: Entering directory '/root/Desktop/GLO-3100/tp1-cryptography/ex2/CMakeFiles/CMakeTmp'
Building C object CMakeFiles/cmTC_270fc.dir/CheckFunctionExists.c.o
/usr/bin/cc   -DCHECK_FUNCTION_EXISTS=pthread_create -o CMakeFiles/cmTC_270fc.dir/CheckFunctionExists.c.o -c /usr/share/cmake-3.18/Modules/CheckFunctionExists.c
Linking C executable cmTC_270fc
/usr/bin/cmake -E cmake_link_script CMakeFiles/cmTC_270fc.dir/link.txt --verbose=1
/usr/bin/cc  -DCHECK_FUNCTION_EXISTS=pthread_create -rdynamic CMakeFiles/cmTC_270fc.dir/CheckFunctionExists.c.o -o cmTC_270fc  -lpthreads 
/usr/bin/ld: cannot find -lpthreads
collect2: error: ld returned 1 exit status
make[1]: *** [CMakeFiles/cmTC_270fc.dir/build.make:106: cmTC_270fc] Error 1
make[1]: Leaving directory '/root/Desktop/GLO-3100/tp1-cryptography/ex2/CMakeFiles/CMakeTmp'
make: *** [Makefile:140: cmTC_270fc/fast] Error 2



